\BOOKMARK [1][-]{section.1}{\376\377\000\332\000v\000o\000d}{}% 1
\BOOKMARK [1][-]{section.2}{\376\377\000C\000\355\000l\000\040\000p\000r\000\341\000c\000e\000\040\000a\000\040\000m\000e\000t\000o\000d\000i\000k\000a}{}% 2
\BOOKMARK [2][-]{subsection.2.1}{\376\377\000C\000\355\000l\000\040\000p\000r\000\341\000c\000e}{section.2}% 3
\BOOKMARK [2][-]{subsection.2.2}{\376\377\000M\000e\000t\000o\000d\000i\000k\000a}{section.2}% 4
\BOOKMARK [1][-]{section.3}{\376\377\000T\000e\000o\000r\000e\000t\000i\000c\000k\000\341\000\040\001\015\000\341\000s\000t\000\040\000p\000r\000\341\000c\000e}{}% 5
\BOOKMARK [2][-]{subsection.3.1}{\376\377\000V\000z\000n\000i\000k\000\040\000Q\000W\000E\000R\000T\000Y}{section.3}% 6
\BOOKMARK [2][-]{subsection.3.2}{\376\377\000E\000r\000g\000o\000n\000o\000m\000i\000e\000\040\000k\000l\000\341\000v\000e\000s\000n\000i\000c\000e}{section.3}% 7
\BOOKMARK [3][-]{subsubsection.3.2.1}{\376\377\000P\000r\000o\000s\000t\000o\000r\000\040\000p\000r\000o\000\040\000z\000l\000e\000p\001\141\000e\000n\000\355}{subsection.3.2}% 8
\BOOKMARK [2][-]{subsection.3.3}{\376\377\000S\000r\000o\000v\000n\000\341\000n\000\355\000\040\000Q\000W\000E\000R\000T\000Y\000\040\000s\000\040\000e\000x\000i\000s\000t\000u\000j\000\355\000c\000\355\000m\000i\000\040\000a\000l\000t\000e\000r\000n\000a\000t\000i\000v\000a\000m\000i}{section.3}% 9
\BOOKMARK [2][-]{subsection.3.4}{\376\377\000N\000-\000g\000r\000a\000m\000y\000\040\000a\000\040\000j\000e\000j\000i\000c\000h\000\040\000r\000o\000l\000e}{section.3}% 10
\BOOKMARK [2][-]{subsection.3.5}{\376\377\000N\000\341\000k\000l\000a\000d\000o\000v\000\341\000\040\000f\000u\000n\000k\000c\000e}{section.3}% 11
\BOOKMARK [2][-]{subsection.3.6}{\376\377\000V\000y\000b\000r\000a\000n\000\351\000\040\000o\000p\000t\000i\000m\000a\000l\000i\000z\000a\001\015\000n\000\355\000\040\000a\000l\000g\000o\000r\000i\000t\000m\000y}{section.3}% 12
\BOOKMARK [3][-]{subsubsection.3.6.1}{\376\377\000H\000o\000r\000o\000l\000e\000z\000e\000c\000k\000\375\000\040\000a\000l\000g\000o\000r\000i\000t\000m\000u\000s}{subsection.3.6}% 13
\BOOKMARK [3][-]{subsubsection.3.6.2}{\376\377\000S\000i\000m\000u\000l\000o\000v\000a\000n\000\351\000\040\001\176\000\355\000h\000\341\000n\000\355}{subsection.3.6}% 14
\BOOKMARK [3][-]{subsubsection.3.6.3}{\376\377\000O\000p\000t\000i\000m\000a\000l\000i\000z\000a\000c\000e\000\040\000m\000r\000a\000v\000e\000n\001\015\000\355\000\040\000k\000o\000l\000o\000n\000i\000\355}{subsection.3.6}% 15
\BOOKMARK [3][-]{subsubsection.3.6.4}{\376\377\000H\000y\000b\000r\000i\000d\000n\000\355\000\040\000v\000a\000r\000i\000a\000n\000t\000y\000\040\000A\000C\000O}{subsection.3.6}% 16
\BOOKMARK [3][-]{subsubsection.3.6.5}{\376\377\000O\000p\000t\000i\000m\000a\000l\000i\000z\000a\000c\000e\000\040\000h\000e\000j\000n\000e\000m\000\040\001\015\000\341\000s\000t\000i\000c}{subsection.3.6}% 17
\BOOKMARK [3][-]{subsubsection.3.6.6}{\376\377\000G\000e\000n\000e\000t\000i\000c\000k\000\351\000\040\000a\000l\000g\000o\000r\000i\000t\000m\000y}{subsection.3.6}% 18
\BOOKMARK [1][-]{section.4}{\376\377\000P\000r\000a\000k\000t\000i\000c\000k\000\341\000\040\001\015\000\341\000s\000t\000\040\000p\000r\000\341\000c\000e}{}% 19
\BOOKMARK [2][-]{subsection.4.1}{\376\377\000A\000n\000a\000l\000\375\000z\000a\000\040\000n\000-\000g\000r\000a\000m\001\157\000\040\001\015\000e\000s\000k\000\351\000h\000o\000\040\000j\000a\000z\000y\000k\000a}{section.4}% 20
\BOOKMARK [3][-]{subsubsection.4.1.1}{\376\377\000A\000n\000a\000l\000\375\000z\000a\000\040\000k\000o\000r\000p\000u\000s\000u\000\040\000W\000i\000k\000i\000p\000e\000d\000i\000e}{subsection.4.1}% 21
\BOOKMARK [2][-]{subsection.4.2}{\376\377\000N\000\341\000v\000r\000h\000\040\000n\000\341\000k\000l\000a\000d\000o\000v\000\351\000\040\000f\000u\000n\000k\000c\000e}{section.4}% 22
\BOOKMARK [2][-]{subsection.4.3}{\376\377\000A\000n\000a\000t\000o\000m\000i\000c\000k\000\341\000\040\000m\000a\000p\000a\000\040\000k\000l\000\341\000v\000e\000s\000n\000i\000c\000e}{section.4}% 23
\BOOKMARK [2][-]{subsection.4.4}{\376\377\000V\000\375\000p\000o\001\015\000e\000t\000\040\000n\000\341\000k\000l\000a\000d\000o\000v\000\351\000\040\000f\000u\000n\000k\000c\000e}{section.4}% 24
\BOOKMARK [2][-]{subsection.4.5}{\376\377\000A\000p\000l\000i\000k\000a\000c\000e\000\040\000h\000o\000r\000o\000l\000e\000z\000e\000c\000k\000\351\000h\000o\000\040\000a\000l\000g\000o\000r\000i\000t\000m\000u}{section.4}% 25
\BOOKMARK [3][-]{subsubsection.4.5.1}{\376\377\000V\000\375\000s\000l\000e\000d\000k\000y\000\040\000h\000o\000r\000o\000l\000e\000z\000e\000c\000k\000\351\000h\000o\000\040\000a\000l\000g\000o\000r\000i\000t\000m\000u}{subsection.4.5}% 26
\BOOKMARK [3][-]{subsubsection.4.5.2}{\376\377\000H\000o\000r\000o\000l\000e\000z\000e\000c\000k\000\375\000\040\000a\000l\000g\000o\000r\000i\000t\000m\000u\000s\000\040\000s\000\040\000n\000\341\000h\000o\000d\000n\000\375\000m\000i\000\040\000r\000e\000s\000t\000a\000r\000t\000y}{subsection.4.5}% 27
\BOOKMARK [2][-]{subsection.4.6}{\376\377\000A\000p\000l\000i\000k\000a\000c\000e\000\040\000a\000l\000g\000o\000r\000i\000t\000m\000u\000\040\000s\000i\000m\000u\000l\000o\000v\000a\000n\000\351\000h\000o\000\040\001\176\000\355\000h\000\341\000n\000\355}{section.4}% 28
\BOOKMARK [2][-]{subsection.4.7}{\376\377\000A\000p\000l\000i\000k\000a\000c\000e\000\040\000a\000l\000g\000o\000r\000i\000t\000m\000u\000\040\000o\000p\000t\000i\000m\000a\000l\000i\000z\000a\000c\000e\000\040\000m\000r\000a\000v\000e\000n\001\015\000\355\000\040\000k\000o\000l\000o\000n\000i\000\355}{section.4}% 29
\BOOKMARK [3][-]{subsubsection.4.7.1}{\376\377\000\332\000p\000r\000a\000v\000a\000\040\000A\000C\000O\000\040\000n\000a\000\040\000m\000e\000m\000e\000t\000i\000c\000k\000o\000u\000\040\000v\000a\000r\000i\000a\000n\000t\000u}{subsection.4.7}% 30
\BOOKMARK [2][-]{subsection.4.8}{\376\377\000A\000p\000l\000i\000k\000a\000c\000e\000\040\000a\000l\000g\000o\000r\000i\000t\000m\000u\000\040\000o\000p\000t\000i\000m\000a\000l\000i\000z\000a\000c\000e\000\040\000h\000e\000j\000n\000e\000m\000\040\001\015\000\341\000s\000t\000i\000c}{section.4}% 31
\BOOKMARK [2][-]{subsection.4.9}{\376\377\000A\000p\000l\000i\000k\000a\000c\000e\000\040\000g\000e\000n\000e\000t\000i\000c\000k\000\351\000h\000o\000\040\000a\000l\000g\000o\000r\000i\000t\000m\000u}{section.4}% 32
\BOOKMARK [2][-]{subsection.4.10}{\376\377\000H\000a\000r\000d\000w\000a\000r\000o\000v\000\341\000\040\000i\000m\000p\000l\000e\000m\000e\000n\000t\000a\000c\000e}{section.4}% 33
\BOOKMARK [1][-]{section.5}{\376\377\000Z\000h\000o\000d\000n\000o\000c\000e\000n\000\355\000\040\000v\000\375\000s\000l\000e\000d\000k\001\157}{}% 34
\BOOKMARK [2][-]{subsection.5.1}{\376\377\000S\000r\000o\000v\000n\000\341\000n\000\355\000\040\000v\000\375\000k\000o\000n\000n\000o\000s\000t\000i\000\040\000o\000p\000t\000i\000m\000a\000l\000i\000z\000a\001\015\000n\000\355\000c\000h\000\040\000a\000l\000g\000o\000r\000i\000t\000m\001\157}{section.5}% 35
\BOOKMARK [3][-]{subsubsection.5.1.1}{\376\377\000S\000r\000o\000v\000n\000\341\000n\000\355\000\040\000s\000\040\000o\000s\000t\000a\000t\000n\000\355\000m\000i\000\040\000s\000t\000a\000n\000d\000a\000r\000d\000n\000\355\000m\000i\000\040\000r\000o\000z\000l\000o\001\176\000e\000n\000\355\000m\000i}{subsection.5.1}% 36
\BOOKMARK [2][-]{subsection.5.2}{\376\377\000A\000n\000a\000l\000\375\000z\000a\000\040\000v\000\355\000t\001\033\000z\000n\000\351\000h\000o\000\040\000r\000o\000z\000l\000o\001\176\000e\000n\000\355}{section.5}% 37
\BOOKMARK [2][-]{subsection.5.3}{\376\377\000V\000a\000l\000i\000d\000a\000c\000e}{section.5}% 38
\BOOKMARK [2][-]{subsection.5.4}{\376\377\000L\000i\000m\000i\000t\000y\000\040\000v\000\375\000z\000k\000u\000m\000u\000\040\000a\000\040\000d\000i\000s\000k\000u\000z\000e}{section.5}% 39
\BOOKMARK [1][-]{section.6}{\376\377\000Z\000\341\000v\001\033\000r}{}% 40
\BOOKMARK [2][-]{subsection.6.1}{\376\377\000B\000u\000d\000o\000u\000c\000\355\000\040\000v\000\375\000v\000o\000j}{section.6}% 41
\BOOKMARK [1][-]{section.7}{\376\377\000S\000e\000z\000n\000a\000m\000\040\000p\000o\000u\001\176\000i\000t\000\375\000c\000h\000\040\000z\000d\000r\000o\000j\001\157}{}% 42
\BOOKMARK [1][-]{section.8}{\376\377\000S\000e\000z\000n\000a\000m\000\040\000o\000b\000r\000\341\000z\000k\001\157\000,\000\040\000t\000a\000b\000u\000l\000e\000k\000\040\000a\000\040\000g\000r\000a\000f\001\157}{}% 43
